This is pdfTeX, Version 3.141592653-2.6-1.40.24 (MiKTeX 21.12) (preloaded format=pdflatex 2022.1.26)  29 JUN 2022 13:26
entering extended mode
 restricted \write18 enabled.
 %&-line parsing enabled.
**./report.tex
(report.tex
LaTeX2e <2021-11-15> patch level 1
L3 programming layer <2021-11-22> (D:\MiKTeX\tex/latex/base\report.cls
Document Class: report 2021/10/04 v1.4n Standard LaTeX document class
(D:\MiKTeX\tex/latex/base\size12.clo
File: size12.clo 2021/10/04 v1.4n Standard LaTeX file (size option)
)
\c@part=\count183
\c@chapter=\count184
\c@section=\count185
\c@subsection=\count186
\c@subsubsection=\count187
\c@paragraph=\count188
\c@subparagraph=\count189
\c@figure=\count190
\c@table=\count191
\abovecaptionskip=\skip47
\belowcaptionskip=\skip48
\bibindent=\dimen138
) (D:\MiKTeX\tex/latex/tools\tabularx.sty
Package: tabularx 2020/01/15 v2.11c `tabularx' package (DPC)

(D:\MiKTeX\tex/latex/tools\array.sty
Package: array 2021/10/04 v2.5f Tabular extension package (FMi)
\col@sep=\dimen139
\ar@mcellbox=\box50
\extrarowheight=\dimen140
\NC@list=\toks16
\extratabsurround=\skip49
\backup@length=\skip50
\ar@cellbox=\box51
)
\TX@col@width=\dimen141
\TX@old@table=\dimen142
\TX@old@col=\dimen143
\TX@target=\dimen144
\TX@delta=\dimen145
\TX@cols=\count192
\TX@ftn=\toks17
) (D:\MiKTeX\tex/latex/float\float.sty
Package: float 2001/11/08 v1.3d Float enhancements (AL)
\c@float@type=\count193
\float@exts=\toks18
\float@box=\box52
\@float@everytoks=\toks19
\@floatcapt=\box53
)
(D:\MiKTeX\tex/latex/graphics\graphicx.sty
Package: graphicx 2021/09/16 v1.2d Enhanced LaTeX Graphics (DPC,SPQR)

(D:\MiKTeX\tex/latex/graphics\keyval.sty
Package: keyval 2014/10/28 v1.15 key=value parser (DPC)
\KV@toks@=\toks20
)
(D:\MiKTeX\tex/latex/graphics\graphics.sty
Package: graphics 2021/03/04 v1.4d Standard LaTeX Graphics (DPC,SPQR)

(D:\MiKTeX\tex/latex/graphics\trig.sty
Package: trig 2021/08/11 v1.11 sin cos tan (DPC)
)
(D:\MiKTeX\tex/latex/graphics-cfg\graphics.cfg
File: graphics.cfg 2016/06/04 v1.11 sample graphics configuration
)
Package graphics Info: Driver file: pdftex.def on input line 107.

(D:\MiKTeX\tex/latex/graphics-def\pdftex.def
File: pdftex.def 2020/10/05 v1.2a Graphics/color driver for pdftex
))
\Gin@req@height=\dimen146
\Gin@req@width=\dimen147
)
(D:\MiKTeX\tex/latex/url\url.sty
\Urlmuskip=\muskip16
Package: url 2013/09/16  ver 3.4  Verb mode for urls, etc.
) (D:\MiKTeX\tex/latex/hyperref\hyperref.sty
Package: hyperref 2021-06-07 v7.00m Hypertext links for LaTeX

(D:\MiKTeX\tex/generic/ltxcmds\ltxcmds.sty
Package: ltxcmds 2020-05-10 v1.25 LaTeX kernel commands for general use (HO)
)
(D:\MiKTeX\tex/generic/iftex\iftex.sty
Package: iftex 2020/03/06 v1.0d TeX engine tests
)
(D:\MiKTeX\tex/generic/pdftexcmds\pdftexcmds.sty
Package: pdftexcmds 2020-06-27 v0.33 Utility functions of pdfTeX for LuaTeX (HO
)

(D:\MiKTeX\tex/generic/infwarerr\infwarerr.sty
Package: infwarerr 2019/12/03 v1.5 Providing info/warning/error messages (HO)
)
Package pdftexcmds Info: \pdf@primitive is available.
Package pdftexcmds Info: \pdf@ifprimitive is available.
Package pdftexcmds Info: \pdfdraftmode found.
)
(D:\MiKTeX\tex/generic/kvsetkeys\kvsetkeys.sty
Package: kvsetkeys 2019/12/15 v1.18 Key value parser (HO)
)
(D:\MiKTeX\tex/generic/kvdefinekeys\kvdefinekeys.sty
Package: kvdefinekeys 2019-12-19 v1.6 Define keys (HO)
)
(D:\MiKTeX\tex/generic/pdfescape\pdfescape.sty
Package: pdfescape 2019/12/09 v1.15 Implements pdfTeX's escape features (HO)
)
(D:\MiKTeX\tex/latex/hycolor\hycolor.sty
Package: hycolor 2020-01-27 v1.10 Color options for hyperref/bookmark (HO)
)
(D:\MiKTeX\tex/latex/letltxmacro\letltxmacro.sty
Package: letltxmacro 2019/12/03 v1.6 Let assignment for LaTeX macros (HO)
)
(D:\MiKTeX\tex/latex/auxhook\auxhook.sty
Package: auxhook 2019-12-17 v1.6 Hooks for auxiliary files (HO)
)
(D:\MiKTeX\tex/latex/kvoptions\kvoptions.sty
Package: kvoptions 2022-06-15 v3.15 Key value format for package options (HO)
)
\@linkdim=\dimen148
\Hy@linkcounter=\count194
\Hy@pagecounter=\count195

(D:\MiKTeX\tex/latex/hyperref\pd1enc.def
File: pd1enc.def 2021-06-07 v7.00m Hyperref: PDFDocEncoding definition (HO)
Now handling font encoding PD1 ...
... no UTF-8 mapping file for font encoding PD1
)
(D:\MiKTeX\tex/latex/hyperref\hyperref-langpatches.def
File: hyperref-langpatches.def 2021-06-07 v7.00m Hyperref: patches for babel la
nguages
)
(D:\MiKTeX\tex/generic/intcalc\intcalc.sty
Package: intcalc 2019/12/15 v1.3 Expandable calculations with integers (HO)
)
(D:\MiKTeX\tex/generic/etexcmds\etexcmds.sty
Package: etexcmds 2019/12/15 v1.7 Avoid name clashes with e-TeX commands (HO)
)
\Hy@SavedSpaceFactor=\count196

(D:\MiKTeX\tex/latex/hyperref\puenc.def
File: puenc.def 2021-06-07 v7.00m Hyperref: PDF Unicode definition (HO)
Now handling font encoding PU ...
... no UTF-8 mapping file for font encoding PU
)
Package hyperref Info: Option `bookmarks' set `true' on input line 4073.
Package hyperref Info: Option `colorlinks' set `false' on input line 4073.
Package hyperref Info: Hyper figures OFF on input line 4192.
Package hyperref Info: Link nesting OFF on input line 4197.
Package hyperref Info: Hyper index ON on input line 4200.
Package hyperref Info: Plain pages OFF on input line 4207.
Package hyperref Info: Backreferencing OFF on input line 4212.
Package hyperref Info: Implicit mode ON; LaTeX internals redefined.
Package hyperref Info: Bookmarks ON on input line 4445.
\c@Hy@tempcnt=\count197
LaTeX Info: Redefining \url on input line 4804.
\XeTeXLinkMargin=\dimen149

(D:\MiKTeX\tex/generic/bitset\bitset.sty
Package: bitset 2019/12/09 v1.3 Handle bit-vector datatype (HO)

(D:\MiKTeX\tex/generic/bigintcalc\bigintcalc.sty
Package: bigintcalc 2019/12/15 v1.5 Expandable calculations on big integers (HO
)
))
\Fld@menulength=\count198
\Field@Width=\dimen150
\Fld@charsize=\dimen151
Package hyperref Info: Hyper figures OFF on input line 6076.
Package hyperref Info: Link nesting OFF on input line 6081.
Package hyperref Info: Hyper index ON on input line 6084.
Package hyperref Info: backreferencing OFF on input line 6091.
Package hyperref Info: Link coloring OFF on input line 6096.
Package hyperref Info: Link coloring with OCG OFF on input line 6101.
Package hyperref Info: PDF/A mode OFF on input line 6106.
LaTeX Info: Redefining \ref on input line 6146.
LaTeX Info: Redefining \pageref on input line 6150.

(D:\MiKTeX\tex/latex/base\atbegshi-ltx.sty
Package: atbegshi-ltx 2021/01/10 v1.0c Emulation of the original atbegshi
package with kernel methods
)
\Hy@abspage=\count199
\c@Item=\count266
\c@Hfootnote=\count267
)
Package hyperref Info: Driver (autodetected): hpdftex.

(D:\MiKTeX\tex/latex/hyperref\hpdftex.def
File: hpdftex.def 2021-06-07 v7.00m Hyperref driver for pdfTeX

(D:\MiKTeX\tex/latex/base\atveryend-ltx.sty
Package: atveryend-ltx 2020/08/19 v1.0a Emulation of the original atveryend pac
kage
with kernel methods
)
\Fld@listcount=\count268
\c@bookmark@seq@number=\count269

(D:\MiKTeX\tex/latex/rerunfilecheck\rerunfilecheck.sty
Package: rerunfilecheck 2019/12/05 v1.9 Rerun checks for auxiliary files (HO)

(D:\MiKTeX\tex/generic/uniquecounter\uniquecounter.sty
Package: uniquecounter 2019/12/15 v1.4 Provide unlimited unique counter (HO)
)
Package uniquecounter Info: New unique counter `rerunfilecheck' on input line 2
86.
)
\Hy@SectionHShift=\skip51
)
(D:\MiKTeX\tex/latex/l3backend\l3backend-pdftex.def
File: l3backend-pdftex.def 2021-10-18 L3 backend support: PDF output (pdfTeX)
\l__color_backend_stack_int=\count270
\l__pdf_internal_box=\box54
) (report.aux

LaTeX Warning: Label `3.28' multiply defined.

)
\openout1 = `report.aux'.

LaTeX Font Info:    Checking defaults for OML/cmm/m/it on input line 32.
LaTeX Font Info:    ... okay on input line 32.
LaTeX Font Info:    Checking defaults for OMS/cmsy/m/n on input line 32.
LaTeX Font Info:    ... okay on input line 32.
LaTeX Font Info:    Checking defaults for OT1/cmr/m/n on input line 32.
LaTeX Font Info:    ... okay on input line 32.
LaTeX Font Info:    Checking defaults for T1/cmr/m/n on input line 32.
LaTeX Font Info:    ... okay on input line 32.
LaTeX Font Info:    Checking defaults for TS1/cmr/m/n on input line 32.
LaTeX Font Info:    ... okay on input line 32.
LaTeX Font Info:    Checking defaults for OMX/cmex/m/n on input line 32.
LaTeX Font Info:    ... okay on input line 32.
LaTeX Font Info:    Checking defaults for U/cmr/m/n on input line 32.
LaTeX Font Info:    ... okay on input line 32.
LaTeX Font Info:    Checking defaults for PD1/pdf/m/n on input line 32.
LaTeX Font Info:    ... okay on input line 32.
LaTeX Font Info:    Checking defaults for PU/pdf/m/n on input line 32.
LaTeX Font Info:    ... okay on input line 32.
 (D:\MiKTeX\tex/context/base/mkii\supp-pdf.mkii
[Loading MPS to PDF converter (version 2006.09.02).]
\scratchcounter=\count271
\scratchdimen=\dimen152
\scratchbox=\box55
\nofMPsegments=\count272
\nofMParguments=\count273
\everyMPshowfont=\toks21
\MPscratchCnt=\count274
\MPscratchDim=\dimen153
\MPnumerator=\count275
\makeMPintoPDFobject=\count276
\everyMPtoPDFconversion=\toks22
) (D:\MiKTeX\tex/latex/epstopdf-pkg\epstopdf-base.sty
Package: epstopdf-base 2020-01-24 v2.11 Base part for package epstopdf
Package epstopdf-base Info: Redefining graphics rule for `.eps' on input line 4
85.

(D:\MiKTeX\tex/latex/00miktex\epstopdf-sys.cfg
File: epstopdf-sys.cfg 2021/03/18 v2.0 Configuration of epstopdf for MiKTeX
))
Package hyperref Info: Link coloring OFF on input line 32.

(D:\MiKTeX\tex/latex/hyperref\nameref.sty
Package: nameref 2021-04-02 v2.47 Cross-referencing by name of section

(D:\MiKTeX\tex/latex/refcount\refcount.sty
Package: refcount 2019/12/15 v3.6 Data extraction from label references (HO)
)
(D:\MiKTeX\tex/generic/gettitlestring\gettitlestring.sty
Package: gettitlestring 2019/12/15 v1.6 Cleanup title references (HO)
)
\c@section@level=\count277
)
LaTeX Info: Redefining \ref on input line 32.
LaTeX Info: Redefining \pageref on input line 32.
LaTeX Info: Redefining \nameref on input line 32.
 (report.out)
(report.out)
\@outlinefile=\write3
\openout3 = `report.out'.

 (title.tex
<./vit-logo.png, id=147, 903.375pt x 501.875pt>
File: ./vit-logo.png Graphic file (type png)
<use ./vit-logo.png>
Package pdftex.def Info: ./vit-logo.png  used on input line 20.
(pdftex.def)             Requested size: 155.99762pt x 86.66542pt.
<./scl-logo.png, id=148, 235.88126pt x 215.80624pt>
File: ./scl-logo.png Graphic file (type png)
<use ./scl-logo.png>
Package pdftex.def Info: ./scl-logo.png  used on input line 30.
(pdftex.def)             Requested size: 117.00119pt x 107.0434pt.
 [1

{C:/Users/dibya/AppData/Local/MiKTeX/fonts/map/pdftex/pdftex.map} <./vit-logo.p
ng> <./scl-logo.png>]) (certificate.tex
Underfull \hbox (badness 10000) in paragraph at lines 12--13

 []

) (acknow.tex
pdfTeX warning (ext4): destination with the same identifier (name{page.1}) has 
been already used, duplicate ignored
<to be read again> 
                   \relax 
l.1 \cleardoublepage
                     [1]
Underfull \hbox (badness 10000) in paragraph at lines 15--24

 []


Underfull \hbox (badness 10000) in paragraph at lines 15--24

 []


Underfull \hbox (badness 10000) in paragraph at lines 15--24

 []


Underfull \hbox (badness 10000) in paragraph at lines 15--24

 []


Underfull \hbox (badness 10000) in paragraph at lines 15--24

 []

[2


]) (report.toc
LaTeX Font Info:    External font `cmex10' loaded for size
(Font)              <12> on input line 3.
LaTeX Font Info:    External font `cmex10' loaded for size
(Font)              <8> on input line 3.
LaTeX Font Info:    External font `cmex10' loaded for size
(Font)              <6> on input line 3.
 [1

])
\tf@toc=\write4
\openout4 = `report.toc'.

 [2] (report.lof [3

]
Overfull \hbox (2.44182pt too wide) in paragraph at lines 37--37
 \OT1/cmr/m/n/12 Short-channel ef-fects are in-evitable as a con-se-quence of M
oore's 
 []

)
\tf@lof=\write5
\openout5 = `report.lof'.

 [4] (introduction.tex
Chapter 1.
) (work-done.tex
pdfTeX warning (ext4): destination with the same identifier (name{page.1}) has 
been already used, duplicate ignored
<to be read again> 
                   \relax 
l.1 \chapter
            {Fabrication Process of CMOS} [1

]
Chapter 2.
<./fig1.png, id=298, 207.02344pt x 137.7647pt>
File: ./fig1.png Graphic file (type png)
<use ./fig1.png>
Package pdftex.def Info: ./fig1.png  used on input line 12.
(pdftex.def)             Requested size: 124.21501pt x 82.65944pt.

pdfTeX warning (ext4): destination with the same identifier (name{page.2}) has 
been already used, duplicate ignored
<to be read again> 
                   \relax 
l.21 
      [2

 <./fig1.png>]
<./fig2.png, id=302, 134.75343pt x 212.29312pt>
File: ./fig2.png Graphic file (type png)
<use ./fig2.png>
Package pdftex.def Info: ./fig2.png  used on input line 29.
(pdftex.def)             Requested size: 53.9004pt x 84.91574pt.
<./fig3.png, id=303, 451.6875pt x 354.32375pt>
File: ./fig3.png Graphic file (type png)
<use ./fig3.png>
Package pdftex.def Info: ./fig3.png  used on input line 40.
(pdftex.def)             Requested size: 135.5073pt x 106.29794pt.
 [3 <./fig2.png> <./fig3.png>]
<./fig4.png, id=308, 703.12688pt x 110.66344pt>
File: ./fig4.png Graphic file (type png)
<use ./fig4.png>
Package pdftex.def Info: ./fig4.png  used on input line 53.
(pdftex.def)             Requested size: 210.93968pt x 33.19928pt.
<./fig5.png, id=310, 764.10469pt x 133.24782pt>
File: ./fig5.png Graphic file (type png)
<use ./fig5.png>
Package pdftex.def Info: ./fig5.png  used on input line 63.
(pdftex.def)             Requested size: 229.23317pt x 39.97464pt.
<./fig6.png, id=311, 800.23969pt x 139.27031pt>
File: ./fig6.png Graphic file (type png)
<use ./fig6.png>
Package pdftex.def Info: ./fig6.png  used on input line 72.
(pdftex.def)             Requested size: 240.07376pt x 41.7814pt.
<./fig7.png, id=312, 793.46437pt x 138.5175pt>
File: ./fig7.png Graphic file (type png)
<use ./fig7.png>
Package pdftex.def Info: ./fig7.png  used on input line 80.
(pdftex.def)             Requested size: 238.04114pt x 41.55556pt.
<./fig8.png, id=313, 787.44188pt x 126.4725pt>
File: ./fig8.png Graphic file (type png)
<use ./fig8.png>
Package pdftex.def Info: ./fig8.png  used on input line 93.
(pdftex.def)             Requested size: 236.23438pt x 37.94203pt.
<./fig9.png, id=314, 746.79pt x 115.93312pt>
File: ./fig9.png Graphic file (type png)
<use ./fig9.png>
Package pdftex.def Info: ./fig9.png  used on input line 103.
(pdftex.def)             Requested size: 224.03873pt x 34.7802pt.
 [4 <./fig4.png> <./fig5.png> <./fig6.png> <./fig7.png> <./fig8.png>]
<./fig10.png, id=324, 741.52031pt x 118.19156pt>
File: ./fig10.png Graphic file (type png)
<use ./fig10.png>
Package pdftex.def Info: ./fig10.png  used on input line 112.
(pdftex.def)             Requested size: 222.45781pt x 35.45773pt.
<./fig11.png, id=325, 704.6325pt x 104.64093pt>
File: ./fig11.png Graphic file (type png)
<use ./fig11.png>
Package pdftex.def Info: ./fig11.png  used on input line 120.
(pdftex.def)             Requested size: 211.39139pt x 31.3925pt.
<./fig12.png, id=326, 923.70094pt x 149.05687pt>
File: ./fig12.png Graphic file (type png)
<use ./fig12.png>
Package pdftex.def Info: ./fig12.png  used on input line 129.
(pdftex.def)             Requested size: 277.11243pt x 44.71739pt.
<./fig13.png, id=327, 926.71219pt x 156.585pt>
File: ./fig13.png Graphic file (type png)
<use ./fig13.png>
Package pdftex.def Info: ./fig13.png  used on input line 140.
(pdftex.def)             Requested size: 278.0158pt x 46.97586pt.

Underfull \hbox (badness 10000) in paragraph at lines 137--143

 []

[5 <./fig9.png> <./fig10.png> <./fig11.png> <./fig12.png>]
<./fig14.png, id=336, 809.27344pt x 167.12437pt>
File: ./fig14.png Graphic file (type png)
<use ./fig14.png>
Package pdftex.def Info: ./fig14.png  used on input line 148.
(pdftex.def)             Requested size: 242.7839pt x 50.13768pt.
<./fig15.png, id=337, 809.27344pt x 171.64125pt>
File: ./fig15.png Graphic file (type png)
<use ./fig15.png>
Package pdftex.def Info: ./fig15.png  used on input line 156.
(pdftex.def)             Requested size: 242.7839pt x 51.49275pt.
<./fig16.png, id=338, 805.50937pt x 154.32657pt>
File: ./fig16.png Graphic file (type png)
<use ./fig16.png>
Package pdftex.def Info: ./fig16.png  used on input line 164.
(pdftex.def)             Requested size: 241.65468pt x 46.29831pt.
<./fig17.png, id=339, 808.52063pt x 142.28156pt>
File: ./fig17.png Graphic file (type png)
<use ./fig17.png>
Package pdftex.def Info: ./fig17.png  used on input line 175.
(pdftex.def)             Requested size: 242.55806pt x 42.68478pt.
<./fig18.png, id=340, 899.61093pt x 164.11313pt>
File: ./fig18.png Graphic file (type png)
<use ./fig18.png>
Package pdftex.def Info: ./fig18.png  used on input line 183.
(pdftex.def)             Requested size: 269.88536pt x 49.23431pt.
 [6 <./fig13.png> <./fig14.png> <./fig15.png> <./fig16.png> <./fig17.png>]
<./fig19.png, id=351, 1070.49937pt x 167.87718pt>
File: ./fig19.png Graphic file (type png)
<use ./fig19.png>
Package pdftex.def Info: ./fig19.png  used on input line 191.
(pdftex.def)             Requested size: 321.15228pt x 50.36354pt.
<./fig20.png, id=352, 1054.6903pt x 187.45032pt>
File: ./fig20.png Graphic file (type png)
<use ./fig20.png>
Package pdftex.def Info: ./fig20.png  used on input line 199.
(pdftex.def)             Requested size: 316.40953pt x 56.23552pt.
) (future-work.tex
[7 <./fig18.png> <./fig19.png> <./fig20.png>]
Chapter 3.
<./fig21.png, id=360, 254.45062pt x 134.00063pt>
File: ./fig21.png Graphic file (type png)
<use ./fig21.png>
Package pdftex.def Info: ./fig21.png  used on input line 5.
(pdftex.def)             Requested size: 127.22499pt x 67.00014pt.
<./fig22.png, id=361, 213.04594pt x 161.10187pt>
File: ./fig22.png Graphic file (type png)
<use ./fig22.png>
Package pdftex.def Info: ./fig22.png  used on input line 17.
(pdftex.def)             Requested size: 106.5227pt x 80.55074pt.
[8

 <./fig21.png>]
<./fig23.png, id=367, 322.20375pt x 319.1925pt>
File: ./fig23.png Graphic file (type png)
<use ./fig23.png>
Package pdftex.def Info: ./fig23.png  used on input line 27.
(pdftex.def)             Requested size: 161.10147pt x 159.59586pt.
<./fig24.png, id=368, 385.44pt x 339.51843pt>
File: ./fig24.png Graphic file (type png)
<use ./fig24.png>
Package pdftex.def Info: ./fig24.png  used on input line 37.
(pdftex.def)             Requested size: 192.71953pt x 169.75879pt.
 [9 <./fig22.png> <./fig23.png>]
<./fig25.png, id=375, 291.33844pt x 246.1697pt>
File: ./fig25.png Graphic file (type png)
<use ./fig25.png>
Package pdftex.def Info: ./fig25.png  used on input line 47.
(pdftex.def)             Requested size: 145.66885pt x 123.08453pt.
) (rel.tex [10 <./fig24.png> <./fig25.png>] [11]
Chapter 4.
<./fig26.png, id=386, 301.125pt x 266.49562pt>
File: ./fig26.png Graphic file (type png)
<use ./fig26.png>
Package pdftex.def Info: ./fig26.png  used on input line 10.
(pdftex.def)             Requested size: 180.67638pt x 159.89859pt.
[12

 <./fig26.png>] [13]
<./fig27.png, id=396, 194.97844pt x 146.04562pt>
File: ./fig27.png Graphic file (type png)
<use ./fig27.png>
Package pdftex.def Info: ./fig27.png  used on input line 32.
(pdftex.def)             Requested size: 116.98795pt x 87.62804pt.
<./fig28.png, id=397, 258.201pt x 145.197pt>
File: ./fig28.png Graphic file (type png)
<use ./fig28.png>
Package pdftex.def Info: ./fig28.png  used on input line 41.
(pdftex.def)             Requested size: 154.92178pt x 87.11887pt.
<./fig29.png, id=398, 244.66406pt x 244.66406pt>
File: ./fig29.png Graphic file (type png)
<use ./fig29.png>
Package pdftex.def Info: ./fig29.png  used on input line 50.
(pdftex.def)             Requested size: 146.79956pt x 146.79956pt.
 [14 <./fig27.png> <./fig28.png>]
<./fig30.png, id=404, 270.25969pt x 147.55125pt>
File: ./fig30.png Graphic file (type png)
<use ./fig30.png>
Package pdftex.def Info: ./fig30.png  used on input line 62.
(pdftex.def)             Requested size: 162.15706pt x 88.53142pt.
 [15 <./fig29.png> <./fig30.png>]) (fail.tex [16]
Chapter 5.
<./fig31.png, id=415, 295.85532pt x 96.36pt>
File: ./fig31.png Graphic file (type png)
<use ./fig31.png>
Package pdftex.def Info: ./fig31.png  used on input line 8.
(pdftex.def)             Requested size: 177.51454pt x 57.81642pt.
[17

 <./fig31.png>]
<./fig32.png, id=421, 383.18156pt x 331.2375pt>
File: ./fig32.png Graphic file (type png)
<use ./fig32.png>
Package pdftex.def Info: ./fig32.png  used on input line 25.
(pdftex.def)             Requested size: 229.9107pt x 198.74402pt.
 [18] [19 <./fig32.png>]) (nbti.tex [20] [21]
Chapter 6.
[22

] [23]) (conclusion.tex [24]
Chapter 7.
) (ref.tex [25

]
Underfull \hbox (badness 10000) in paragraph at lines 7--8
[]\OT1/cmr/m/n/12 Introduction to Mi-cro-fab-ri-ca-tion, Sec-ond Edi-tion, []$\
OT1/cmtt/m/n/12 https :
 []


Underfull \hbox (badness 10000) in paragraph at lines 13--14
[]\OT1/cmr/m/n/12 Short-Channel Ef-fects []$\OT1/cmtt/m/n/12 https : / / en . w
ikipedia . org / wiki / Short _
 []


Underfull \hbox (badness 1342) in paragraph at lines 15--16
[]\OT1/cmr/m/n/12 Reliability Physics and En-gi-neer-ing []$\OT1/cmtt/m/n/12 ht
tps : / / link . springer . com /
 []

) [26


] (report.aux)

LaTeX Warning: There were multiply-defined labels.


Package rerunfilecheck Warning: File `report.out' has changed.
(rerunfilecheck)                Rerun to get outlines right
(rerunfilecheck)                or use package `bookmark'.

Package rerunfilecheck Info: Checksums for `report.out':
(rerunfilecheck)             Before: A404C9502B19EC1FF6D2BB47E4BDD384;5974
(rerunfilecheck)             After:  8A34B72CD8B579F2F45BF3A7D793B1EE;5974.
 ) 
Here is how much of TeX's memory you used:
 8965 strings out of 478659
 138476 string characters out of 2862405
 439379 words of memory out of 3000000
 26803 multiletter control sequences out of 15000+600000
 410408 words of font info for 50 fonts, out of 8000000 for 9000
 1141 hyphenation exceptions out of 8191
 60i,8n,63p,1660b,351s stack positions out of 5000i,500n,10000p,200000b,80000s

pdfTeX warning (dest): name{section*.7} has been referenced but does not exist,
 replaced by a fixed one

<D:/MiKTeX/fonts/type1/public/amsfonts/cm/cmbx10.pfb><D:/MiKTeX/fonts/type1/pub
lic/amsfonts/cm/cmbx12.pfb><D:/MiKTeX/fonts/type1/public/amsfonts/cm/cmcsc10.pf
b><D:/MiKTeX/fonts/type1/public/amsfonts/cm/cmr10.pfb><D:/MiKTeX/fonts/type1/pu
blic/amsfonts/cm/cmr12.pfb><D:/MiKTeX/fonts/type1/public/amsfonts/cm/cmr17.pfb>
<D:/MiKTeX/fonts/type1/public/amsfonts/cm/cmti10.pfb><D:/MiKTeX/fonts/type1/pub
lic/amsfonts/cm/cmti12.pfb><D:/MiKTeX/fonts/type1/public/amsfonts/cm/cmtt12.pfb
>
Output written on report.pdf (33 pages, 1563007 bytes).
PDF statistics:
 544 PDF objects out of 1000 (max. 8388607)
 111 named destinations out of 1000 (max. 500000)
 459 words of extra memory for PDF output out of 10000 (max. 10000000)

